2010.05.13 16:41 B C:\DnB130510_DownloadedFromNet\Common\Admin_Menu.js <-- DnB /httpdocs/Common Admin_Menu.js
2010.05.13 16:41 B C:\DnB130510_DownloadedFromNet\Common\Architect_Menu.js <-- DnB /httpdocs/Common Architect_Menu.js
2010.05.13 16:41 B C:\DnB130510_DownloadedFromNet\Common\Bathroom_Menu.js <-- DnB /httpdocs/Common Bathroom_Menu.js
2010.05.13 16:41 B C:\DnB130510_DownloadedFromNet\Common\blank.gif <-- DnB /httpdocs/Common blank.gif
2010.05.13 16:41 B C:\DnB130510_DownloadedFromNet\Common\book_f.gif <-- DnB /httpdocs/Common book_f.gif
2010.05.13 16:41 B C:\DnB130510_DownloadedFromNet\Common\Calender.jpg <-- DnB /httpdocs/Common Calender.jpg
2010.05.13 16:41 B C:\DnB130510_DownloadedFromNet\Common\Calender.js <-- DnB /httpdocs/Common Calender.js
2010.05.13 16:41 B C:\DnB130510_DownloadedFromNet\Common\CommonCode.js <-- DnB /httpdocs/Common CommonCode.js
2010.05.13 16:41 B C:\DnB130510_DownloadedFromNet\Common\Consultant_Menu.js <-- DnB /httpdocs/Common Consultant_Menu.js
2010.05.13 16:41 B C:\DnB130510_DownloadedFromNet\Common\Development_Menu.js <-- DnB /httpdocs/Common Development_Menu.js
2010.05.13 16:41 B C:\DnB130510_DownloadedFromNet\Common\earth_f.gif <-- DnB /httpdocs/Common earth_f.gif
2010.05.13 16:41 B C:\DnB130510_DownloadedFromNet\Common\edit.jpg <-- DnB /httpdocs/Common edit.jpg
2010.05.13 16:41 B C:\DnB130510_DownloadedFromNet\Common\Electrical_Menu.js <-- DnB /httpdocs/Common Electrical_Menu.js
2010.05.13 16:41 B C:\DnB130510_DownloadedFromNet\Common\expand1_f.gif <-- DnB /httpdocs/Common expand1_f.gif
2010.05.13 16:41 B C:\DnB130510_DownloadedFromNet\Common\expand1_uf.gif <-- DnB /httpdocs/Common expand1_uf.gif
2010.05.13 16:41 B C:\DnB130510_DownloadedFromNet\Common\face_f.gif <-- DnB /httpdocs/Common face_f.gif
2010.05.13 16:41 B C:\DnB130510_DownloadedFromNet\Common\Financial_Menu.js <-- DnB /httpdocs/Common Financial_Menu.js
2010.05.13 16:42 B C:\DnB130510_DownloadedFromNet\Common\Fitting_Menu.js <-- DnB /httpdocs/Common Fitting_Menu.js
2010.05.13 16:42 B C:\DnB130510_DownloadedFromNet\Common\Furniture_Menu.js <-- DnB /httpdocs/Common Furniture_Menu.js
2010.05.13 16:42 B C:\DnB130510_DownloadedFromNet\Common\greenball_c.gif <-- DnB /httpdocs/Common greenball_c.gif
2010.05.13 16:42 B C:\DnB130510_DownloadedFromNet\Common\greenball_f.gif <-- DnB /httpdocs/Common greenball_f.gif
2010.05.13 16:42 B C:\DnB130510_DownloadedFromNet\Common\greenball_uf.gif <-- DnB /httpdocs/Common greenball_uf.gif
2010.05.13 16:42 B C:\DnB130510_DownloadedFromNet\Common\Hardware_Menu.js <-- DnB /httpdocs/Common Hardware_Menu.js
2010.05.13 16:42 B C:\DnB130510_DownloadedFromNet\Common\home_f.gif <-- DnB /httpdocs/Common home_f.gif
2010.05.13 16:42 B C:\DnB130510_DownloadedFromNet\Common\Interior_Menu.js <-- DnB /httpdocs/Common Interior_Menu.js
2010.05.13 16:42 B C:\DnB130510_DownloadedFromNet\Common\LogoMovie.swf <-- DnB /httpdocs/Common LogoMovie.swf
2010.05.13 16:42 B C:\DnB130510_DownloadedFromNet\Common\mail12.gif <-- DnB /httpdocs/Common mail12.gif
2010.05.13 16:42 B C:\DnB130510_DownloadedFromNet\Common\Modular_Menu.js <-- DnB /httpdocs/Common Modular_Menu.js
2010.05.13 16:42 B C:\DnB130510_DownloadedFromNet\Common\moo1.2.js <-- DnB /httpdocs/Common moo1.2.js
2010.05.13 16:42 B C:\DnB130510_DownloadedFromNet\Common\msg.js <-- DnB /httpdocs/Common msg.js
2010.05.13 16:42 B C:\DnB130510_DownloadedFromNet\Common\Paint_Menu.js <-- DnB /httpdocs/Common Paint_Menu.js
2010.05.13 16:42 B C:\DnB130510_DownloadedFromNet\Common\people_f.gif <-- DnB /httpdocs/Common people_f.gif
2010.05.13 16:42 B C:\DnB130510_DownloadedFromNet\Common\Real_Menu.js <-- DnB /httpdocs/Common Real_Menu.js
2010.05.13 16:42 B C:\DnB130510_DownloadedFromNet\Common\RealEstate_Menu.js <-- DnB /httpdocs/Common RealEstate_Menu.js
2010.05.13 16:42 B C:\DnB130510_DownloadedFromNet\Common\SHOW.jpg <-- DnB /httpdocs/Common SHOW.jpg
2010.05.13 16:42 B C:\DnB130510_DownloadedFromNet\Common\simple_f.gif <-- DnB /httpdocs/Common simple_f.gif
2010.05.13 16:42 B C:\DnB130510_DownloadedFromNet\Common\simple_uf.gif <-- DnB /httpdocs/Common simple_uf.gif
2010.05.13 16:42 B C:\DnB130510_DownloadedFromNet\Common\stapp.js <-- DnB /httpdocs/Common stapp.js
2010.05.13 16:42 B C:\DnB130510_DownloadedFromNet\Common\stlib.js <-- DnB /httpdocs/Common stlib.js
2010.05.13 16:42 B C:\DnB130510_DownloadedFromNet\Common\sttree.js <-- DnB /httpdocs/Common sttree.js
2010.05.13 16:42 B C:\DnB130510_DownloadedFromNet\Common\style.css <-- DnB /httpdocs/Common style.css
2010.05.13 16:42 B C:\DnB130510_DownloadedFromNet\Common\StyleSheet.css <-- DnB /httpdocs/Common StyleSheet.css
2010.05.13 16:42 B C:\DnB130510_DownloadedFromNet\Common\StyleSheet1.css <-- DnB /httpdocs/Common StyleSheet1.css
2010.05.13 16:42 B C:\DnB130510_DownloadedFromNet\Common\StyleSheet_firefox.css <-- DnB /httpdocs/Common StyleSheet_firefox.css
2010.05.13 16:42 B C:\DnB130510_DownloadedFromNet\Common\StyleSheet_Netscape.css <-- DnB /httpdocs/Common StyleSheet_Netscape.css
2010.05.13 16:42 B C:\DnB130510_DownloadedFromNet\Common\template_f.gif <-- DnB /httpdocs/Common template_f.gif
2010.05.13 16:43 B C:\DnB130510_DownloadedFromNet\Common\Thumbs.db <-- DnB /httpdocs/Common Thumbs.db
2010.05.13 16:43 B C:\DnB130510_DownloadedFromNet\Common\Vaastu_Menu.js <-- DnB /httpdocs/Common Vaastu_Menu.js
2010.05.13 16:43 B C:\DnB130510_DownloadedFromNet\Common\Validations.js <-- DnB /httpdocs/Common Validations.js
2010.05.13 16:43 B C:\DnB130510_DownloadedFromNet\Common\XPbanner1.gif <-- DnB /httpdocs/Common XPbanner1.gif
2010.05.13 16:43 B C:\DnB130510_DownloadedFromNet\Common\XPbanner1a.gif <-- DnB /httpdocs/Common XPbanner1a.gif
2010.05.13 16:43 B C:\DnB130510_DownloadedFromNet\Common\XPbanner2.gif <-- DnB /httpdocs/Common XPbanner2.gif
2010.05.13 16:43 B C:\DnB130510_DownloadedFromNet\Common\XPbanner2a.gif <-- DnB /httpdocs/Common XPbanner2a.gif
2010.05.13 16:43 B C:\DnB130510_DownloadedFromNet\Common\XPbanner3.gif <-- DnB /httpdocs/Common XPbanner3.gif
2010.05.13 16:43 B C:\DnB130510_DownloadedFromNet\Common\XPbanner3a.gif <-- DnB /httpdocs/Common XPbanner3a.gif
2010.05.13 16:43 B C:\DnB130510_DownloadedFromNet\Common\XPgarybanner1.gif <-- DnB /httpdocs/Common XPgarybanner1.gif
2010.05.13 16:43 B C:\DnB130510_DownloadedFromNet\Common\XPgarybanner2.gif <-- DnB /httpdocs/Common XPgarybanner2.gif
2010.05.13 16:43 B C:\DnB130510_DownloadedFromNet\Common\XPgrayline.gif <-- DnB /httpdocs/Common XPgrayline.gif
2010.05.13 16:43 B C:\DnB130510_DownloadedFromNet\Common\XPline.gif <-- DnB /httpdocs/Common XPline.gif
